<?xml version="1.0" encoding="UTF-8"?>
<!-- Generated by org.testng.reporters.JUnitXMLReporter -->
<testsuite hostname="Samsung-PC" name="Test" tests="11" failures="2" timestamp="28 Nov 2018 17:09:19 GMT" time="101.893" errors="0">
  <testcase name="GmailLoginTest" time="13.618" classname="TestNgDemo.Parametrs">
    <failure type="org.openqa.selenium.WebDriverException" message="unknown error: call function result missing &amp;apos;value&amp;apos;
  (Session info: chrome=70.0.3538.110)
  (Driver info: chromedriver=2.33.506120 (e3e53437346286c0bc2d2dc9aa4915ba81d9023f),platform=Windows NT 6.1.7601 SP1 x86_64) (WARNING: The server did not provide any stacktrace information)
Command duration or timeout: 53 milliseconds
Build info: version: &amp;apos;2.52.0&amp;apos;, revision: &amp;apos;4c2593c&amp;apos;, time: &amp;apos;2016-02-11 19:06:42&amp;apos;
System info: host: &amp;apos;Samsung-PC&amp;apos;, ip: &amp;apos;192.168.0.103&amp;apos;, os.name: &amp;apos;Windows 7&amp;apos;, os.arch: &amp;apos;amd64&amp;apos;, os.version: &amp;apos;6.1&amp;apos;, java.version: &amp;apos;1.8.0_181&amp;apos;
Driver info: org.openqa.selenium.chrome.ChromeDriver
Capabilities [{applicationCacheEnabled=false, rotatable=false, mobileEmulationEnabled=false, networkConnectionEnabled=false, chrome={chromedriverVersion=2.33.506120 (e3e53437346286c0bc2d2dc9aa4915ba81d9023f), userDataDir=C:\Users\Samsung\AppData\Local\Temp\scoped_dir3280_17391}, takesHeapSnapshot=true, pageLoadStrategy=normal, databaseEnabled=false, handlesAlerts=true, hasTouchScreen=false, version=70.0.3538.110, platform=XP, browserConnectionEnabled=false, nativeEvents=true, acceptSslCerts=true, locationContextEnabled=true, webStorageEnabled=true, browserName=chrome, takesScreenshot=true, javascriptEnabled=true, cssSelectorsEnabled=true, setWindowRect=true, unexpectedAlertBehaviour=}]
Session ID: efe0074247befa5a866ae1f74934e210">
      <![CDATA[org.openqa.selenium.WebDriverException: unknown error: call function result missing 'value'
  (Session info: chrome=70.0.3538.110)
  (Driver info: chromedriver=2.33.506120 (e3e53437346286c0bc2d2dc9aa4915ba81d9023f),platform=Windows NT 6.1.7601 SP1 x86_64) (WARNING: The server did not provide any stacktrace information)
Command duration or timeout: 53 milliseconds
Build info: version: '2.52.0', revision: '4c2593c', time: '2016-02-11 19:06:42'
System info: host: 'Samsung-PC', ip: '192.168.0.103', os.name: 'Windows 7', os.arch: 'amd64', os.version: '6.1', java.version: '1.8.0_181'
Driver info: org.openqa.selenium.chrome.ChromeDriver
Capabilities [{applicationCacheEnabled=false, rotatable=false, mobileEmulationEnabled=false, networkConnectionEnabled=false, chrome={chromedriverVersion=2.33.506120 (e3e53437346286c0bc2d2dc9aa4915ba81d9023f), userDataDir=C:\Users\Samsung\AppData\Local\Temp\scoped_dir3280_17391}, takesHeapSnapshot=true, pageLoadStrategy=normal, databaseEnabled=false, handlesAlerts=true, hasTouchScreen=false, version=70.0.3538.110, platform=XP, browserConnectionEnabled=false, nativeEvents=true, acceptSslCerts=true, locationContextEnabled=true, webStorageEnabled=true, browserName=chrome, takesScreenshot=true, javascriptEnabled=true, cssSelectorsEnabled=true, setWindowRect=true, unexpectedAlertBehaviour=}]
Session ID: efe0074247befa5a866ae1f74934e210
	at org.openqa.selenium.remote.ErrorHandler.createThrowable(ErrorHandler.java:206)
	at org.openqa.selenium.remote.ErrorHandler.throwIfResponseFailed(ErrorHandler.java:158)
	at org.openqa.selenium.remote.RemoteWebDriver.execute(RemoteWebDriver.java:678)
	at org.openqa.selenium.remote.RemoteWebElement.execute(RemoteWebElement.java:327)
	at org.openqa.selenium.remote.RemoteWebElement.clear(RemoteWebElement.java:140)
	at TestNgDemo.Parametrs.GmailLoginTest(Parametrs.java:15)
... Removed 28 stack frames]]>
    </failure>
  </testcase> <!-- GmailLoginTest -->
  <testcase name="veriftHomePageTitle" time="0.027" classname="TestNgDemo.Demo2"/>
  <testcase name="googleLogoTest" time="1.904" classname="TestNgDemo.GoogleTest"/>
  <testcase name="googleTitleTest" time="0.04" classname="TestNgDemo.GoogleTest"/>
  <testcase name="mailLinkTest" time="0.136" classname="TestNgDemo.GoogleTest"/>
  <testcase name="verifyHomePageTitle" time="13.73" classname="TestNgDemo.Demo3">
    <failure type="java.lang.AssertionError" message="Title not matching expected [Google] but found [Gooogle]">
      <![CDATA[java.lang.AssertionError: Title not matching expected [Google] but found [Gooogle]
	at TestNgDemo.Demo3.verifyHomePageTitle(Demo3.java:19)
... Removed 28 stack frames]]>
    </failure>
  </testcase> <!-- verifyHomePageTitle -->
  <testcase name="C1" time="0.002" classname="TestNgDemo.Demo"/>
  <testcase name="C2" time="0.001" classname="TestNgDemo.Demo"/>
  <testcase name="GooglePageTitle" time="0.011" classname="TestNgDemo.Demo"/>
  <testcase name="c1" time="0.002" classname="TestNgDemo.Demo"/>
  <testcase name="verifyHomePageTitle" time="18.571" classname="TestNgDemo.NewTest"/>
</testsuite> <!-- Test -->
